<?xml version="1.0" encoding="utf-8"?>
<h:html xmlns="http://www.w3.org/2002/xforms" xmlns:h="http://www.w3.org/1999/xhtml">
  <h:head>
    <h:title>test versions</h:title>
    <model>
      <instance>
        <data id="test-versions" %s>
          <name/>
          <meta>
            <instanceID/>
          </meta>
        </data>
      </instance>
      <bind nodeset="/data/name" type="string"/>
    </model>
  </h:head>
  <h:body>
    <input ref="/data/name">
      <label>name</label>
    </input>
  </h:body>
</h:html>